[2019-04-23T16:21:12,219][INFO ][o.e.p.PluginsService     ] [
ode_name] no modules loaded
[2019-04-23T16:21:12,221][INFO ][o.e.p.PluginsService     ] [
ode_name] loaded plugin [org.elasticsearch.index.reindex.ReindexPlugin]
[2019-04-23T16:21:12,221][INFO ][o.e.p.PluginsService     ] [
ode_name] loaded plugin [org.elasticsearch.join.ParentJoinPlugin]
[2019-04-23T16:21:12,221][INFO ][o.e.p.PluginsService     ] [
ode_name] loaded plugin [org.elasticsearch.percolator.PercolatorPlugin]
[2019-04-23T16:21:12,222][INFO ][o.e.p.PluginsService     ] [
ode_name] loaded plugin [org.elasticsearch.script.mustache.MustachePlugin]
[2019-04-23T16:21:12,222][INFO ][o.e.p.PluginsService     ] [
ode_name] loaded plugin [org.elasticsearch.transport.Netty4Plugin]
[2019-04-23T16:26:10,070][INFO ][o.e.p.PluginsService     ] [
ode_name] no modules loaded
[2019-04-23T16:26:10,072][INFO ][o.e.p.PluginsService     ] [
ode_name] loaded plugin [org.elasticsearch.index.reindex.ReindexPlugin]
[2019-04-23T16:26:10,073][INFO ][o.e.p.PluginsService     ] [
ode_name] loaded plugin [org.elasticsearch.join.ParentJoinPlugin]
[2019-04-23T16:26:10,073][INFO ][o.e.p.PluginsService     ] [
ode_name] loaded plugin [org.elasticsearch.percolator.PercolatorPlugin]
[2019-04-23T16:26:10,073][INFO ][o.e.p.PluginsService     ] [
ode_name] loaded plugin [org.elasticsearch.script.mustache.MustachePlugin]
[2019-04-23T16:26:10,073][INFO ][o.e.p.PluginsService     ] [
ode_name] loaded plugin [org.elasticsearch.transport.Netty4Plugin]
[2019-04-23T16:26:25,548][INFO ][o.e.p.PluginsService     ] [
ode_name] no modules loaded
[2019-04-23T16:26:25,550][INFO ][o.e.p.PluginsService     ] [
ode_name] loaded plugin [org.elasticsearch.index.reindex.ReindexPlugin]
[2019-04-23T16:26:25,550][INFO ][o.e.p.PluginsService     ] [
ode_name] loaded plugin [org.elasticsearch.join.ParentJoinPlugin]
[2019-04-23T16:26:25,550][INFO ][o.e.p.PluginsService     ] [
ode_name] loaded plugin [org.elasticsearch.percolator.PercolatorPlugin]
[2019-04-23T16:26:25,550][INFO ][o.e.p.PluginsService     ] [
ode_name] loaded plugin [org.elasticsearch.script.mustache.MustachePlugin]
[2019-04-23T16:26:25,550][INFO ][o.e.p.PluginsService     ] [
ode_name] loaded plugin [org.elasticsearch.transport.Netty4Plugin]
